<?xml version="1.0" encoding="utf-8"?><testsuites name="pytest tests"><testsuite name="pytest" errors="0" failures="0" skipped="0" tests="17" time="2.563" timestamp="2026-02-01T00:12:02.310566+00:00" hostname="agent-env-bc81424c-0130-43f9-966b-cb6ef45dac8c"><testcase classname="backend.tests.test_safarai_api.TestHealthAndBasicEndpoints" name="test_api_root" time="0.061" /><testcase classname="backend.tests.test_safarai_api.TestHealthAndBasicEndpoints" name="test_stats_endpoint" time="0.271" /><testcase classname="backend.tests.test_safarai_api.TestSourcesEndpoints" name="test_list_sources" time="0.075" /><testcase classname="backend.tests.test_safarai_api.TestSourcesEndpoints" name="test_create_and_delete_source" time="0.167" /><testcase classname="backend.tests.test_safarai_api.TestSourceHealthMonitoring" name="test_get_sources_health" time="0.409" /><testcase classname="backend.tests.test_safarai_api.TestBriefsEndpoints" name="test_list_briefs" time="0.109" /><testcase classname="backend.tests.test_safarai_api.TestBriefsEndpoints" name="test_get_latest_brief" time="0.341" /><testcase classname="backend.tests.test_safarai_api.TestBriefsEndpoints" name="test_export_brief_to_pdf" time="0.261" /><testcase classname="backend.tests.test_safarai_api.TestBriefsEndpoints" name="test_get_brief_by_id" time="0.146" /><testcase classname="backend.tests.test_safarai_api.TestScheduledRunsEndpoints" name="test_list_schedules" time="0.079" /><testcase classname="backend.tests.test_safarai_api.TestScheduledRunsEndpoints" name="test_create_and_delete_schedule" time="0.157" /><testcase classname="backend.tests.test_safarai_api.TestScheduledRunsEndpoints" name="test_invalid_cron_expression" time="0.039" /><testcase classname="backend.tests.test_safarai_api.TestEmailConfiguration" name="test_get_email_config" time="0.040" /><testcase classname="backend.tests.test_safarai_api.TestAgenticInsightsEndpoints" name="test_get_latest_insights" time="0.074" /><testcase classname="backend.tests.test_safarai_api.TestAgenticInsightsEndpoints" name="test_get_trends" time="0.073" /><testcase classname="backend.tests.test_safarai_api.TestRunsEndpoints" name="test_get_latest_run" time="0.073" /><testcase classname="backend.tests.test_safarai_api.TestRunsEndpoints" name="test_get_latest_logs" time="0.112" /></testsuite></testsuites>